# JRE version: OpenJDK Runtime Environment Temurin-11.0.12+7 (11.0.12+7) (build 11.0.12+7)
# Java VM: OpenJDK 64-Bit Server VM Temurin-11.0.12+7 (11.0.12+7, mixed mode, tiered, compressed oops, g1 gc, windows-amd64)
Heap:
 garbage-first heap   total 249856K, used 42601K [0x000000070ce00000, 0x0000000800000000)
  region size 1024K, 28 young (28672K), 5 survivors (5120K)
 Metaspace       used 27323K, capacity 27810K, committed 28032K, reserved 1075200K
  class space    used 2906K, capacity 3089K, committed 3200K, reserved 1048576K
GC Heap History (6 events):
Event: 3.610 GC heap before
{Heap before GC invocations=0 (full 0):
 garbage-first heap   total 249856K, used 16384K [0x000000070ce00000, 0x0000000800000000)
  region size 1024K, 14 young (14336K), 0 survivors (0K)
 Metaspace       used 11583K, capacity 11758K, committed 12032K, reserved 1060864K
  class space    used 1092K, capacity 1158K, committed 1280K, reserved 1048576K
}
Event: 3.653 GC heap after
{Heap after GC invocations=1 (full 0):
 garbage-first heap   total 249856K, used 7045K [0x000000070ce00000, 0x0000000800000000)
  region size 1024K, 2 young (2048K), 2 survivors (2048K)
 Metaspace       used 11583K, capacity 11758K, committed 12032K, reserved 1060864K
  class space    used 1092K, capacity 1158K, committed 1280K, reserved 1048576K
}
Event: 14.723 GC heap before
{Heap before GC invocations=1 (full 0):
 garbage-first heap   total 249856K, used 33669K [0x000000070ce00000, 0x0000000800000000)
  region size 1024K, 29 young (29696K), 2 survivors (2048K)
 Metaspace       used 20825K, capacity 21174K, committed 21248K, reserved 1069056K
  class space    used 2148K, capacity 2262K, committed 2304K, reserved 1048576K
}
Event: 14.734 GC heap after
{Heap after GC invocations=2 (full 0):
 garbage-first heap   total 249856K, used 9779K [0x000000070ce00000, 0x0000000800000000)
  region size 1024K, 5 young (5120K), 5 survivors (5120K)
 Metaspace       used 20825K, capacity 21174K, committed 21248K, reserved 1069056K
  class space    used 2148K, capacity 2262K, committed 2304K, reserved 1048576K
}
Event: 15.734 GC heap before
{Heap before GC invocations=3 (full 0):
 garbage-first heap   total 249856K, used 41523K [0x000000070ce00000, 0x0000000800000000)
  region size 1024K, 34 young (34816K), 5 survivors (5120K)
 Metaspace       used 25469K, capacity 25898K, committed 25984K, reserved 1073152K
  class space    used 2697K, capacity 2881K, committed 2944K, reserved 1048576K
}
Event: 15.773 GC heap after
{Heap after GC invocations=4 (full 0):
 garbage-first heap   total 249856K, used 21097K [0x000000070ce00000, 0x0000000800000000)
  region size 1024K, 5 young (5120K), 5 survivors (5120K)
 Metaspace       used 25469K, capacity 25898K, committed 25984K, reserved 1073152K
  class space    used 2697K, capacity 2881K, committed 2944K, reserved 1048576K
}

