# JRE version: OpenJDK Runtime Environment Temurin-11.0.12+7 (11.0.12+7) (build 11.0.12+7)
# Java VM: OpenJDK 64-Bit Server VM Temurin-11.0.12+7 (11.0.12+7, mixed mode, tiered, compressed oops, g1 gc, windows-amd64)
Heap:
 garbage-first heap   total 249856K, used 38959K [0x000000070ce00000, 0x0000000800000000)
  region size 1024K, 23 young (23552K), 6 survivors (6144K)
 Metaspace       used 27774K, capacity 28239K, committed 28544K, reserved 1075200K
  class space    used 2925K, capacity 3118K, committed 3200K, reserved 1048576K
GC Heap History (6 events):
Event: 3.982 GC heap before
{Heap before GC invocations=0 (full 0):
 garbage-first heap   total 249856K, used 16384K [0x000000070ce00000, 0x0000000800000000)
  region size 1024K, 14 young (14336K), 0 survivors (0K)
 Metaspace       used 10471K, capacity 10569K, committed 10752K, reserved 1058816K
  class space    used 966K, capacity 1013K, committed 1024K, reserved 1048576K
}
Event: 4.020 GC heap after
{Heap after GC invocations=1 (full 0):
 garbage-first heap   total 249856K, used 6416K [0x000000070ce00000, 0x0000000800000000)
  region size 1024K, 2 young (2048K), 2 survivors (2048K)
 Metaspace       used 10471K, capacity 10569K, committed 10752K, reserved 1058816K
  class space    used 966K, capacity 1013K, committed 1024K, reserved 1048576K
}
Event: 36.356 GC heap before
{Heap before GC invocations=1 (full 0):
 garbage-first heap   total 249856K, used 45328K [0x000000070ce00000, 0x0000000800000000)
  region size 1024K, 40 young (40960K), 2 survivors (2048K)
 Metaspace       used 20815K, capacity 21152K, committed 21248K, reserved 1069056K
  class space    used 2099K, capacity 2229K, committed 2304K, reserved 1048576K
}
Event: 36.366 GC heap after
{Heap after GC invocations=2 (full 0):
 garbage-first heap   total 249856K, used 9417K [0x000000070ce00000, 0x0000000800000000)
  region size 1024K, 5 young (5120K), 5 survivors (5120K)
 Metaspace       used 20815K, capacity 21152K, committed 21248K, reserved 1069056K
  class space    used 2099K, capacity 2229K, committed 2304K, reserved 1048576K
}
Event: 37.727 GC heap before
{Heap before GC invocations=3 (full 0):
 garbage-first heap   total 249856K, used 52425K [0x000000070ce00000, 0x0000000800000000)
  region size 1024K, 45 young (46080K), 5 survivors (5120K)
 Metaspace       used 26199K, capacity 26614K, committed 26752K, reserved 1073152K
  class space    used 2749K, capacity 2920K, committed 2944K, reserved 1048576K
}
Event: 37.781 GC heap after
{Heap after GC invocations=4 (full 0):
 garbage-first heap   total 249856K, used 22575K [0x000000070ce00000, 0x0000000800000000)
  region size 1024K, 6 young (6144K), 6 survivors (6144K)
 Metaspace       used 26199K, capacity 26614K, committed 26752K, reserved 1073152K
  class space    used 2749K, capacity 2920K, committed 2944K, reserved 1048576K
}

