# JRE version: OpenJDK Runtime Environment Temurin-11.0.12+7 (11.0.12+7) (build 11.0.12+7)
# Java VM: OpenJDK 64-Bit Server VM Temurin-11.0.12+7 (11.0.12+7, mixed mode, tiered, compressed oops, g1 gc, windows-amd64)
Heap:
 garbage-first heap   total 249856K, used 44492K [0x000000070ce00000, 0x0000000800000000)
  region size 1024K, 29 young (29696K), 5 survivors (5120K)
 Metaspace       used 27288K, capacity 27810K, committed 28032K, reserved 1075200K
  class space    used 2908K, capacity 3089K, committed 3200K, reserved 1048576K
GC Heap History (6 events):
Event: 2.119 GC heap before
{Heap before GC invocations=0 (full 0):
 garbage-first heap   total 249856K, used 16384K [0x000000070ce00000, 0x0000000800000000)
  region size 1024K, 14 young (14336K), 0 survivors (0K)
 Metaspace       used 11644K, capacity 11826K, committed 12032K, reserved 1060864K
  class space    used 1099K, capacity 1159K, committed 1280K, reserved 1048576K
}
Event: 2.167 GC heap after
{Heap after GC invocations=1 (full 0):
 garbage-first heap   total 249856K, used 6804K [0x000000070ce00000, 0x0000000800000000)
  region size 1024K, 2 young (2048K), 2 survivors (2048K)
 Metaspace       used 11644K, capacity 11826K, committed 12032K, reserved 1060864K
  class space    used 1099K, capacity 1159K, committed 1280K, reserved 1048576K
}
Event: 27.458 GC heap before
{Heap before GC invocations=1 (full 0):
 garbage-first heap   total 249856K, used 33428K [0x000000070ce00000, 0x0000000800000000)
  region size 1024K, 29 young (29696K), 2 survivors (2048K)
 Metaspace       used 20893K, capacity 21205K, committed 21248K, reserved 1069056K
  class space    used 2171K, capacity 2294K, committed 2304K, reserved 1048576K
}
Event: 27.473 GC heap after
{Heap after GC invocations=2 (full 0):
 garbage-first heap   total 249856K, used 9708K [0x000000070ce00000, 0x0000000800000000)
  region size 1024K, 5 young (5120K), 5 survivors (5120K)
 Metaspace       used 20893K, capacity 21205K, committed 21248K, reserved 1069056K
  class space    used 2171K, capacity 2294K, committed 2304K, reserved 1048576K
}
Event: 28.516 GC heap before
{Heap before GC invocations=3 (full 0):
 garbage-first heap   total 249856K, used 41452K [0x000000070ce00000, 0x0000000800000000)
  region size 1024K, 33 young (33792K), 5 survivors (5120K)
 Metaspace       used 25466K, capacity 25886K, committed 25984K, reserved 1073152K
  class space    used 2695K, capacity 2877K, committed 2944K, reserved 1048576K
}
Event: 28.552 GC heap after
{Heap after GC invocations=4 (full 0):
 garbage-first heap   total 249856K, used 20940K [0x000000070ce00000, 0x0000000800000000)
  region size 1024K, 5 young (5120K), 5 survivors (5120K)
 Metaspace       used 25466K, capacity 25886K, committed 25984K, reserved 1073152K
  class space    used 2695K, capacity 2877K, committed 2944K, reserved 1048576K
}

